# JRE version: OpenJDK Runtime Environment (8.0_202-b03) (build 1.8.0_202-release-1483-b03)
# Java VM: OpenJDK 64-Bit Server VM (25.202-b03 mixed mode windows-amd64 compressed oops)
Heap:
 PSYoungGen      total 167936K, used 25447K [0x00000000d5580000, 0x00000000e1200000, 0x0000000100000000)
  eden space 148992K, 4% used [0x00000000d5580000,0x00000000d5c70000,0x00000000de700000)
  from space 18944K, 96% used [0x00000000dff80000,0x00000000e1169d60,0x00000000e1200000)
  to   space 22016K, 0% used [0x00000000de700000,0x00000000de700000,0x00000000dfc80000)
 ParOldGen       total 176640K, used 32370K [0x0000000080000000, 0x000000008ac80000, 0x00000000d5580000)
  object space 176640K, 18% used [0x0000000080000000,0x0000000081f9c830,0x000000008ac80000)
 Metaspace       used 69981K, capacity 73234K, committed 73472K, reserved 1112064K
  class space    used 9288K, capacity 9955K, committed 9984K, reserved 1048576K
GC Heap History (10 events):
Event: 14.930 GC heap before
{Heap before GC invocations=13 (full 2):
 PSYoungGen      total 113152K, used 25016K [0x00000000d5580000, 0x00000000dde80000, 0x0000000100000000)
  eden space 96768K, 8% used [0x00000000d5580000,0x00000000d5df2fd0,0x00000000db400000)
  from space 16384K, 99% used [0x00000000dc700000,0x00000000dd6fb320,0x00000000dd700000)
  to   space 19456K, 0% used [0x00000000db400000,0x00000000db400000,0x00000000dc700000)
 ParOldGen       total 126464K, used 24433K [0x0000000080000000, 0x0000000087b80000, 0x00000000d5580000)
  object space 126464K, 19% used [0x0000000080000000,0x00000000817dc640,0x0000000087b80000)
 Metaspace       used 57103K, capacity 59116K, committed 59160K, reserved 1099776K
  class space    used 7821K, capacity 8319K, committed 8320K, reserved 1048576K
Event: 14.943 GC heap after
Heap after GC invocations=13 (full 2):
 PSYoungGen      total 116224K, used 16948K [0x00000000d5580000, 0x00000000e0000000, 0x0000000100000000)
  eden space 96768K, 0% used [0x00000000d5580000,0x00000000d5580000,0x00000000db400000)
  from space 19456K, 87% used [0x00000000db400000,0x00000000dc48d320,0x00000000dc700000)
  to   space 20480K, 0% used [0x00000000dec00000,0x00000000dec00000,0x00000000e0000000)
 ParOldGen       total 126464K, used 24441K [0x0000000080000000, 0x0000000087b80000, 0x00000000d5580000)
  object space 126464K, 19% used [0x0000000080000000,0x00000000817de640,0x0000000087b80000)
 Metaspace       used 57103K, capacity 59116K, committed 59160K, reserved 1099776K
  class space    used 7821K, capacity 8319K, committed 8320K, reserved 1048576K
}
Event: 14.943 GC heap before
{Heap before GC invocations=14 (full 3):
 PSYoungGen      total 116224K, used 16948K [0x00000000d5580000, 0x00000000e0000000, 0x0000000100000000)
  eden space 96768K, 0% used [0x00000000d5580000,0x00000000d5580000,0x00000000db400000)
  from space 19456K, 87% used [0x00000000db400000,0x00000000dc48d320,0x00000000dc700000)
  to   space 20480K, 0% used [0x00000000dec00000,0x00000000dec00000,0x00000000e0000000)
 ParOldGen       total 126464K, used 24441K [0x0000000080000000, 0x0000000087b80000, 0x00000000d5580000)
  object space 126464K, 19% used [0x0000000080000000,0x00000000817de640,0x0000000087b80000)
 Metaspace       used 57103K, capacity 59116K, committed 59160K, reserved 1099776K
  class space    used 7821K, capacity 8319K, committed 8320K, reserved 1048576K
Event: 15.160 GC heap after
Heap after GC invocations=14 (full 3):
 PSYoungGen      total 116224K, used 0K [0x00000000d5580000, 0x00000000e0000000, 0x0000000100000000)
  eden space 96768K, 0% used [0x00000000d5580000,0x00000000d5580000,0x00000000db400000)
  from space 19456K, 0% used [0x00000000db400000,0x00000000db400000,0x00000000dc700000)
  to   space 20480K, 0% used [0x00000000dec00000,0x00000000dec00000,0x00000000e0000000)
 ParOldGen       total 176640K, used 32346K [0x0000000080000000, 0x000000008ac80000, 0x00000000d5580000)
  object space 176640K, 18% used [0x0000000080000000,0x0000000081f96830,0x000000008ac80000)
 Metaspace       used 57087K, capacity 59062K, committed 59160K, reserved 1099776K
  class space    used 7816K, capacity 8310K, committed 8320K, reserved 1048576K
}
Event: 16.416 GC heap before
{Heap before GC invocations=15 (full 3):
 PSYoungGen      total 116224K, used 96768K [0x00000000d5580000, 0x00000000e0000000, 0x0000000100000000)
  eden space 96768K, 100% used [0x00000000d5580000,0x00000000db400000,0x00000000db400000)
  from space 19456K, 0% used [0x00000000db400000,0x00000000db400000,0x00000000dc700000)
  to   space 20480K, 0% used [0x00000000dec00000,0x00000000dec00000,0x00000000e0000000)
 ParOldGen       total 176640K, used 32346K [0x0000000080000000, 0x000000008ac80000, 0x00000000d5580000)
  object space 176640K, 18% used [0x0000000080000000,0x0000000081f96830,0x000000008ac80000)
 Metaspace       used 62057K, capacity 64672K, committed 65024K, reserved 1105920K
  class space    used 8558K, capacity 9139K, committed 9216K, reserved 1048576K
Event: 16.426 GC heap after
Heap after GC invocations=15 (full 3):
 PSYoungGen      total 133632K, used 8649K [0x00000000d5580000, 0x00000000df600000, 0x0000000100000000)
  eden space 123392K, 0% used [0x00000000d5580000,0x00000000d5580000,0x00000000dce00000)
  from space 10240K, 84% used [0x00000000dec00000,0x00000000df4725d0,0x00000000df600000)
  to   space 20480K, 0% used [0x00000000dce00000,0x00000000dce00000,0x00000000de200000)
 ParOldGen       total 176640K, used 32354K [0x0000000080000000, 0x000000008ac80000, 0x00000000d5580000)
  object space 176640K, 18% used [0x0000000080000000,0x0000000081f98830,0x000000008ac80000)
 Metaspace       used 62057K, capacity 64672K, committed 65024K, reserved 1105920K
  class space    used 8558K, capacity 9139K, committed 9216K, reserved 1048576K
}
Event: 19.360 GC heap before
{Heap before GC invocations=16 (full 3):
 PSYoungGen      total 133632K, used 132041K [0x00000000d5580000, 0x00000000df600000, 0x0000000100000000)
  eden space 123392K, 100% used [0x00000000d5580000,0x00000000dce00000,0x00000000dce00000)
  from space 10240K, 84% used [0x00000000dec00000,0x00000000df4725d0,0x00000000df600000)
  to   space 20480K, 0% used [0x00000000dce00000,0x00000000dce00000,0x00000000de200000)
 ParOldGen       total 176640K, used 32354K [0x0000000080000000, 0x000000008ac80000, 0x00000000d5580000)
  object space 176640K, 18% used [0x0000000080000000,0x0000000081f98830,0x000000008ac80000)
 Metaspace       used 67678K, capacity 70684K, committed 70784K, reserved 1110016K
  class space    used 9145K, capacity 9807K, committed 9856K, reserved 1048576K
Event: 19.379 GC heap after
Heap after GC invocations=16 (full 3):
 PSYoungGen      total 143872K, used 13563K [0x00000000d5580000, 0x00000000e1380000, 0x0000000100000000)
  eden space 123392K, 0% used [0x00000000d5580000,0x00000000d5580000,0x00000000dce00000)
  from space 20480K, 66% used [0x00000000dce00000,0x00000000ddb3ee80,0x00000000de200000)
  to   space 20480K, 0% used [0x00000000dff80000,0x00000000dff80000,0x00000000e1380000)
 ParOldGen       total 176640K, used 32362K [0x0000000080000000, 0x000000008ac80000, 0x00000000d5580000)
  object space 176640K, 18% used [0x0000000080000000,0x0000000081f9a830,0x000000008ac80000)
 Metaspace       used 67678K, capacity 70684K, committed 70784K, reserved 1110016K
  class space    used 9145K, capacity 9807K, committed 9856K, reserved 1048576K
}
Event: 42.057 GC heap before
{Heap before GC invocations=17 (full 3):
 PSYoungGen      total 143872K, used 136955K [0x00000000d5580000, 0x00000000e1380000, 0x0000000100000000)
  eden space 123392K, 100% used [0x00000000d5580000,0x00000000dce00000,0x00000000dce00000)
  from space 20480K, 66% used [0x00000000dce00000,0x00000000ddb3ee80,0x00000000de200000)
  to   space 20480K, 0% used [0x00000000dff80000,0x00000000dff80000,0x00000000e1380000)
 ParOldGen       total 176640K, used 32362K [0x0000000080000000, 0x000000008ac80000, 0x00000000d5580000)
  object space 176640K, 18% used [0x0000000080000000,0x0000000081f9a830,0x000000008ac80000)
 Metaspace       used 69970K, capacity 73234K, committed 73472K, reserved 1112064K
  class space    used 9288K, capacity 9955K, committed 9984K, reserved 1048576K
Event: 42.082 GC heap after
Heap after GC invocations=17 (full 3):
 PSYoungGen      total 167936K, used 18343K [0x00000000d5580000, 0x00000000e1200000, 0x0000000100000000)
  eden space 148992K, 0% used [0x00000000d5580000,0x00000000d5580000,0x00000000de700000)
  from space 18944K, 96% used [0x00000000dff80000,0x00000000e1169d60,0x00000000e1200000)
  to   space 22016K, 0% used [0x00000000de700000,0x00000000de700000,0x00000000dfc80000)
 ParOldGen       total 176640K, used 32370K [0x0000000080000000, 0x000000008ac80000, 0x00000000d5580000)
  object space 176640K, 18% used [0x0000000080000000,0x0000000081f9c830,0x000000008ac80000)
 Metaspace       used 69970K, capacity 73234K, committed 73472K, reserved 1112064K
  class space    used 9288K, capacity 9955K, committed 9984K, reserved 1048576K
}

